<?xml version="1.0" encoding="UTF-8"?>
<!-- Generated by org.testng.reporters.JUnitReportReporter -->
<testsuite hostname="Lakshmi" failures="0" tests="1" name="com.training.sanity.tests.LoginTests" time="1.201" errors="0" timestamp="16 Nov 2024 12:19:01 GMT">
  <testcase classname="com.training.sanity.tests.LoginTests" name="loginPassTest" time="1.201"/>
</testsuite> <!-- com.training.sanity.tests.LoginTests -->
